Jul-29 14:00:06.361 [main] DEBUG nextflow.cli.Launcher - $> nextflow run bsbolt.nf --title test --publish_dir results_metadata --metadata metadata.csv
Jul-29 14:00:06.402 [main] INFO  nextflow.cli.CmdRun - N E X T F L O W  ~  version 22.04.5
Jul-29 14:00:06.456 [main] DEBUG nextflow.cli.CmdRun - Applied DSL=2 from script declararion
Jul-29 14:00:06.473 [main] INFO  nextflow.cli.CmdRun - Launching `bsbolt.nf` [marvelous_fermi] DSL2 - revision: 34629a005c
Jul-29 14:00:06.484 [main] DEBUG nextflow.plugin.PluginsFacade - Setting up plugin manager > mode=prod; plugins-dir=/home/xingau/.nextflow/plugins; core-plugins: nf-amazon@1.7.2,nf-azure@0.13.2,nf-console@1.0.3,nf-ga4gh@1.0.3,nf-google@1.1.4,nf-sqldb@0.4.0,nf-tower@1.4.0
Jul-29 14:00:06.486 [main] DEBUG nextflow.plugin.PluginsFacade - Plugins default=[]
Jul-29 14:00:06.494 [main] INFO  org.pf4j.DefaultPluginStatusProvider - Enabled plugins: []
Jul-29 14:00:06.495 [main] INFO  org.pf4j.DefaultPluginStatusProvider - Disabled plugins: []
Jul-29 14:00:06.498 [main] INFO  org.pf4j.DefaultPluginManager - PF4J version 3.4.1 in 'deployment' mode
Jul-29 14:00:06.507 [main] INFO  org.pf4j.AbstractPluginManager - No plugins
Jul-29 14:00:06.546 [main] DEBUG nextflow.Session - Session uuid: 84de2410-9cae-43c0-a70d-7dcd1578fdd1
Jul-29 14:00:06.546 [main] DEBUG nextflow.Session - Run name: marvelous_fermi
Jul-29 14:00:06.547 [main] DEBUG nextflow.Session - Executor pool size: 16
Jul-29 14:00:06.581 [main] DEBUG nextflow.cli.CmdRun - 
  Version: 22.04.5 build 5708
  Created: 15-07-2022 16:09 UTC (23:09 ICST)
  System: Linux 5.15.0-41-generic
  Runtime: Groovy 3.0.10 on OpenJDK 64-Bit Server VM 11.0.15+10-Ubuntu-0ubuntu0.20.04.1
  Encoding: UTF-8 (UTF-8)
  Process: 424693@xingau-MS-7D17 [127.0.1.1]
  CPUs: 16 - Mem: 31.2 GB (3.8 GB) - Swap: 2 GB (255.2 MB)
Jul-29 14:00:06.603 [main] DEBUG nextflow.Session - Work-dir: /home/xingau/PI-Bioinfo/nxf-bisulfitebolt/work [ext2/ext3]
Jul-29 14:00:06.603 [main] DEBUG nextflow.Session - Script base path does not exist or is not a directory: /home/xingau/PI-Bioinfo/nxf-bisulfitebolt/bin
Jul-29 14:00:06.610 [main] DEBUG nextflow.executor.ExecutorFactory - Extension executors providers=[]
Jul-29 14:00:06.618 [main] DEBUG nextflow.Session - Observer factory: DefaultObserverFactory
Jul-29 14:00:06.633 [main] DEBUG nextflow.cache.CacheFactory - Using Nextflow cache factory: nextflow.cache.DefaultCacheFactory
Jul-29 14:00:06.643 [main] DEBUG nextflow.util.CustomThreadPool - Creating default thread pool > poolSize: 17; maxThreads: 1000
Jul-29 14:00:06.726 [main] DEBUG nextflow.Session - Session start invoked
Jul-29 14:00:07.305 [main] DEBUG nextflow.script.ScriptRunner - > Launching execution
Jul-29 14:00:07.710 [main] DEBUG nextflow.executor.ExecutorFactory - << taskConfig executor: null
Jul-29 14:00:07.710 [main] DEBUG nextflow.executor.ExecutorFactory - >> processorType: 'local'
Jul-29 14:00:07.714 [main] DEBUG nextflow.executor.Executor - [warm up] executor > local
Jul-29 14:00:07.719 [main] DEBUG n.processor.LocalPollingMonitor - Creating local task monitor for executor 'local' > cpus=16; memory=31.2 GB; capacity=16; pollInterval=100ms; dumpInterval=5m
Jul-29 14:00:07.791 [main] DEBUG nextflow.executor.ExecutorFactory - << taskConfig executor: null
Jul-29 14:00:07.791 [main] DEBUG nextflow.executor.ExecutorFactory - >> processorType: 'local'
Jul-29 14:00:07.795 [main] DEBUG nextflow.executor.ExecutorFactory - << taskConfig executor: null
Jul-29 14:00:07.796 [main] DEBUG nextflow.executor.ExecutorFactory - >> processorType: 'local'
Jul-29 14:00:07.805 [main] DEBUG nextflow.executor.ExecutorFactory - << taskConfig executor: null
Jul-29 14:00:07.805 [main] DEBUG nextflow.executor.ExecutorFactory - >> processorType: 'local'
Jul-29 14:00:07.809 [main] DEBUG nextflow.Session - Workflow process names [dsl2]: CallMethylation, Align, MultiQC, FastQC
Jul-29 14:00:07.810 [main] DEBUG nextflow.Session - Ignite dataflow network (5)
Jul-29 14:00:07.810 [main] DEBUG nextflow.processor.TaskProcessor - Starting process > FastQC
Jul-29 14:00:07.811 [main] DEBUG nextflow.processor.TaskProcessor - Starting process > Align
Jul-29 14:00:07.811 [main] DEBUG nextflow.processor.TaskProcessor - Starting process > CallMethylation
Jul-29 14:00:07.812 [main] DEBUG nextflow.processor.TaskProcessor - Starting process > MultiQC
Jul-29 14:00:07.813 [main] DEBUG nextflow.script.ScriptRunner - > Await termination 
Jul-29 14:00:07.813 [main] DEBUG nextflow.Session - Session await
Jul-29 14:00:07.879 [Actor Thread 16] ERROR nextflow.processor.TaskProcessor - Error executing process > 'Align (1)'

Caused by:
  Path value cannot be empty


Tip: you can replicate the issue by changing to the process work dir and entering the command `bash .command.run`
Jul-29 14:00:07.882 [Actor Thread 16] DEBUG nextflow.Session - Session aborted -- Cause: Path value cannot be empty
Jul-29 14:00:07.899 [Actor Thread 16] DEBUG nextflow.Session - The following nodes are still active:
[process] FastQC
  status=ACTIVE
  port 0: (queue) closed; channel: -
  port 1: (cntrl) -     ; channel: $

[process] Align
  status=ACTIVE
  port 0: (queue) closed; channel: -
  port 1: (value) bound ; channel: index
  port 2: (cntrl) -     ; channel: $

[process] CallMethylation
  status=ACTIVE
  port 0: (queue) OPEN  ; channel: -
  port 1: (value) bound ; channel: index
  port 2: (queue) OPEN  ; channel: bam
  port 3: (cntrl) -     ; channel: $

[process] MultiQC
  status=ACTIVE
  port 0: (value) bound ; channel: title
  port 1: (value) OPEN  ; channel: fastqc
  port 2: (queue) OPEN  ; channel: bam
  port 3: (queue) OPEN  ; channel: CGmap
  port 4: (cntrl) -     ; channel: $

Jul-29 14:00:07.901 [main] DEBUG nextflow.Session - Session await > all process finished
Jul-29 14:00:07.902 [main] DEBUG nextflow.Session - Session await > all barriers passed
Jul-29 14:00:07.909 [main] DEBUG nextflow.trace.WorkflowStatsObserver - Workflow completed > WorkflowStats[succeededCount=0; failedCount=0; ignoredCount=0; cachedCount=0; pendingCount=0; submittedCount=0; runningCount=0; retriesCount=0; abortedCount=0; succeedDuration=0ms; failedDuration=0ms; cachedDuration=0ms;loadCpus=0; loadMemory=0; peakRunning=0; peakCpus=0; peakMemory=0; ]
Jul-29 14:00:08.104 [main] DEBUG nextflow.cache.CacheDB - Closing CacheDB done
Jul-29 14:00:08.115 [main] DEBUG nextflow.script.ScriptRunner - > Execution complete -- Goodbye
